# JRE version: Java(TM) SE Runtime Environment (20.0.2+9) (build 20.0.2+9-78)
# Java VM: Java HotSpot(TM) 64-Bit Server VM (20.0.2+9-78, mixed mode, emulated-client, sharing, tiered, compressed oops, compressed class ptrs, g1 gc, windows-amd64)
GC Precious Log:
 CardTable entry size: 512
 Card Set container configuration: InlinePtr #cards 4 size 8 Array Of Cards #cards 16 size 48 Howl #buckets 8 coarsen threshold 3686 Howl Bitmap #cards 512 size 80 coarsen threshold 460 Card regions per heap region 1 cards per card region 4096
 CPUs: 8 total, 8 available
 Memory: 16190M
 Large Page Support: Disabled
 NUMA Support: Disabled
 Compressed Oops: Enabled (Zero based)
 Heap Region Size: 2M
 Heap Min Capacity: 8M
 Heap Initial Capacity: 254M
 Heap Max Capacity: 4048M
 Pre-touch: Disabled
 Parallel Workers: 8
 Concurrent Workers: 2
 Concurrent Refinement Workers: 8
 Periodic GC: Disabled
Heap:
 garbage-first heap   total 81920K, used 37366K [0x0000000703000000, 0x0000000800000000)
  region size 2048K, 5 young (10240K), 2 survivors (4096K)
 Metaspace       used 65455K, committed 66240K, reserved 1114112K
  class space    used 9197K, committed 9536K, reserved 1048576K
GC Heap History (20 events):
Event: 1099.610 GC heap before
{Heap before GC invocations=23 (full 1):
 garbage-first heap   total 96256K, used 35788K [0x0000000703000000, 0x0000000800000000)
  region size 2048K, 5 young (10240K), 1 survivors (2048K)
 Metaspace       used 62448K, committed 63296K, reserved 1114112K
  class space    used 8834K, committed 9216K, reserved 1048576K
}
Event: 1099.654 GC heap after
{Heap after GC invocations=24 (full 2):
 garbage-first heap   total 81920K, used 20282K [0x0000000703000000, 0x0000000800000000)
  region size 2048K, 0 young (0K), 0 survivors (0K)
 Metaspace       used 61956K, committed 63296K, reserved 1114112K
  class space    used 8712K, committed 9216K, reserved 1048576K
}
Event: 1103.037 GC heap before
{Heap before GC invocations=24 (full 2):
 garbage-first heap   total 81920K, used 67386K [0x0000000703000000, 0x0000000800000000)
  region size 2048K, 24 young (49152K), 0 survivors (0K)
 Metaspace       used 62104K, committed 63296K, reserved 1114112K
  class space    used 8746K, committed 9216K, reserved 1048576K
}
Event: 1103.041 GC heap after
{Heap after GC invocations=25 (full 2):
 garbage-first heap   total 81920K, used 25146K [0x0000000703000000, 0x0000000800000000)
  region size 2048K, 3 young (6144K), 3 survivors (6144K)
 Metaspace       used 62104K, committed 63296K, reserved 1114112K
  class space    used 8746K, committed 9216K, reserved 1048576K
}
Event: 1116.576 GC heap before
{Heap before GC invocations=26 (full 2):
 garbage-first heap   total 81920K, used 66106K [0x0000000703000000, 0x0000000800000000)
  region size 2048K, 23 young (47104K), 3 survivors (6144K)
 Metaspace       used 62725K, committed 63488K, reserved 1114112K
  class space    used 8833K, committed 9216K, reserved 1048576K
}
Event: 1116.584 GC heap after
{Heap after GC invocations=27 (full 2):
 garbage-first heap   total 81920K, used 28669K [0x0000000703000000, 0x0000000800000000)
  region size 2048K, 3 young (6144K), 3 survivors (6144K)
 Metaspace       used 62725K, committed 63488K, reserved 1114112K
  class space    used 8833K, committed 9216K, reserved 1048576K
}
Event: 1615.600 GC heap before
{Heap before GC invocations=27 (full 2):
 garbage-first heap   total 81920K, used 63485K [0x0000000703000000, 0x0000000800000000)
  region size 2048K, 21 young (43008K), 3 survivors (6144K)
 Metaspace       used 65070K, committed 65792K, reserved 1114112K
  class space    used 9163K, committed 9472K, reserved 1048576K
}
Event: 1615.621 GC heap after
{Heap after GC invocations=28 (full 2):
 garbage-first heap   total 81920K, used 29729K [0x0000000703000000, 0x0000000800000000)
  region size 2048K, 1 young (2048K), 1 survivors (2048K)
 Metaspace       used 65070K, committed 65792K, reserved 1114112K
  class space    used 9163K, committed 9472K, reserved 1048576K
}
Event: 1957.263 GC heap before
{Heap before GC invocations=28 (full 2):
 garbage-first heap   total 81920K, used 39969K [0x0000000703000000, 0x0000000800000000)
  region size 2048K, 7 young (14336K), 1 survivors (2048K)
 Metaspace       used 65074K, committed 65792K, reserved 1114112K
  class space    used 9164K, committed 9472K, reserved 1048576K
}
Event: 1957.312 GC heap after
{Heap after GC invocations=29 (full 3):
 garbage-first heap   total 81920K, used 21604K [0x0000000703000000, 0x0000000800000000)
  region size 2048K, 0 young (0K), 0 survivors (0K)
 Metaspace       used 64781K, committed 65792K, reserved 1114112K
  class space    used 9088K, committed 9472K, reserved 1048576K
}
Event: 1960.483 GC heap before
{Heap before GC invocations=29 (full 3):
 garbage-first heap   total 81920K, used 66660K [0x0000000703000000, 0x0000000800000000)
  region size 2048K, 23 young (47104K), 0 survivors (0K)
 Metaspace       used 64925K, committed 65792K, reserved 1114112K
  class space    used 9121K, committed 9472K, reserved 1048576K
}
Event: 1960.487 GC heap after
{Heap after GC invocations=30 (full 3):
 garbage-first heap   total 81920K, used 26369K [0x0000000703000000, 0x0000000800000000)
  region size 2048K, 3 young (6144K), 3 survivors (6144K)
 Metaspace       used 64925K, committed 65792K, reserved 1114112K
  class space    used 9121K, committed 9472K, reserved 1048576K
}
Event: 1963.077 GC heap before
{Heap before GC invocations=31 (full 3):
 garbage-first heap   total 81920K, used 67329K [0x0000000703000000, 0x0000000800000000)
  region size 2048K, 23 young (47104K), 3 survivors (6144K)
 Metaspace       used 65232K, committed 65920K, reserved 1114112K
  class space    used 9177K, committed 9472K, reserved 1048576K
}
Event: 1963.093 GC heap after
{Heap after GC invocations=32 (full 3):
 garbage-first heap   total 81920K, used 29744K [0x0000000703000000, 0x0000000800000000)
  region size 2048K, 3 young (6144K), 3 survivors (6144K)
 Metaspace       used 65232K, committed 65920K, reserved 1114112K
  class space    used 9177K, committed 9472K, reserved 1048576K
}
Event: 1963.131 GC heap before
{Heap before GC invocations=32 (full 3):
 garbage-first heap   total 81920K, used 29744K [0x0000000703000000, 0x0000000800000000)
  region size 2048K, 4 young (8192K), 3 survivors (6144K)
 Metaspace       used 65234K, committed 65920K, reserved 1114112K
  class space    used 9178K, committed 9472K, reserved 1048576K
}
Event: 1963.173 GC heap after
{Heap after GC invocations=33 (full 4):
 garbage-first heap   total 81920K, used 27060K [0x0000000703000000, 0x0000000800000000)
  region size 2048K, 0 young (0K), 0 survivors (0K)
 Metaspace       used 65234K, committed 65920K, reserved 1114112K
  class space    used 9178K, committed 9472K, reserved 1048576K
}
Event: 1963.729 GC heap before
{Heap before GC invocations=33 (full 4):
 garbage-first heap   total 81920K, used 68020K [0x0000000703000000, 0x0000000800000000)
  region size 2048K, 20 young (40960K), 0 survivors (0K)
 Metaspace       used 65281K, committed 66048K, reserved 1114112K
  class space    used 9185K, committed 9536K, reserved 1048576K
}
Event: 1963.738 GC heap after
{Heap after GC invocations=34 (full 4):
 garbage-first heap   total 81920K, used 30732K [0x0000000703000000, 0x0000000800000000)
  region size 2048K, 2 young (4096K), 2 survivors (4096K)
 Metaspace       used 65281K, committed 66048K, reserved 1114112K
  class space    used 9185K, committed 9536K, reserved 1048576K
}
Event: 1964.610 GC heap before
{Heap before GC invocations=35 (full 4):
 garbage-first heap   total 81920K, used 67596K [0x0000000703000000, 0x0000000800000000)
  region size 2048K, 20 young (40960K), 2 survivors (4096K)
 Metaspace       used 65435K, committed 66176K, reserved 1114112K
  class space    used 9195K, committed 9536K, reserved 1048576K
}
Event: 1964.614 GC heap after
{Heap after GC invocations=36 (full 4):
 garbage-first heap   total 81920K, used 33270K [0x0000000703000000, 0x0000000800000000)
  region size 2048K, 2 young (4096K), 2 survivors (4096K)
 Metaspace       used 65435K, committed 66176K, reserved 1114112K
  class space    used 9195K, committed 9536K, reserved 1048576K
}

